<html>
<head>
<title>TestNG:  Run on CHROME</title>
<link href="../testng.css" rel="stylesheet" type="text/css" />
<link href="../my-testng.css" rel="stylesheet" type="text/css" />

<style type="text/css">
.log { display: none;} 
.stack-trace { display: none;} 
</style>
<script type="text/javascript">
<!--
function flip(e) {
  current = e.style.display;
  if (current == 'block') {
    e.style.display = 'none';
    return 0;
  }
  else {
    e.style.display = 'block';
    return 1;
  }
}

function toggleBox(szDivId, elem, msg1, msg2)
{
  var res = -1;  if (document.getElementById) {
    res = flip(document.getElementById(szDivId));
  }
  else if (document.all) {
    // this is the way old msie versions work
    res = flip(document.all[szDivId]);
  }
  if(elem) {
    if(res == 0) elem.innerHTML = msg1; else elem.innerHTML = msg2;
  }

}

function toggleAllBoxes() {
  if (document.getElementsByTagName) {
    d = document.getElementsByTagName('div');
    for (i = 0; i < d.length; i++) {
      if (d[i].className == 'log') {
        flip(d[i]);
      }
    }
  }
}

// -->
</script>

</head>
<body>
<h2 align='center'>Run on CHROME</h2><table border='1' align="center">
<tr>
<td>Tests passed/Failed/Skipped:</td><td>6/1/0</td>
</tr><tr>
<td>Started on:</td><td>Sat Mar 20 00:49:54 ICT 2021</td>
</tr>
<tr><td>Total time:</td><td>165 seconds (165380 ms)</td>
</tr><tr>
<td>Included groups:</td><td></td>
</tr><tr>
<td>Excluded groups:</td><td></td>
</tr>
</table><p/>
<small><i>(Hover the method name to see the test class name)</i></small><p/>
<table width='100%' border='1' class='invocation-failed'>
<tr><td colspan='4' align='center'><b>FAILED TESTS</b></td></tr>
<tr><td><b>Test method</b></td>
<td width="30%"><b>Exception</b></td>
<td width="10%"><b>Time (seconds)</b></td>
<td><b>Instance</b></td>
</tr>
<tr>
<td title='com.nopcommerce.others.Others_04_Order.TC_04_UpdateShoppingCart()'><b>TC_04_UpdateShoppingCart</b><br>Test class: com.nopcommerce.others.Others_04_Order</td>
<td><div><pre>org.openqa.selenium.NoSuchElementException: no such element: Unable to locate element: {&quot;method&quot;:&quot;xpath&quot;,&quot;selector&quot;:&quot;//div[contains(@class,&apos;bar-notification&apos;)]//a[text() = &apos;shopping cart&apos;]&quot;}
  (Session info: chrome=89.0.4389.90)
For documentation on this error, please visit: https://www.seleniumhq.org/exceptions/no_such_element.html
Build info: version: &apos;3.141.59&apos;, revision: &apos;e82be7d358&apos;, time: &apos;2018-11-14T08:17:03&apos;
System info: host: &apos;ADMIN&apos;, ip: &apos;192.168.44.113&apos;, os.name: &apos;Windows 10&apos;, os.arch: &apos;amd64&apos;, os.version: &apos;10.0&apos;, java.version: &apos;15.0.1&apos;
Driver info: org.openqa.selenium.chrome.ChromeDriver
Capabilities {acceptInsecureCerts: false, browserName: chrome, browserVersion: 89.0.4389.90, chrome: {chromedriverVersion: 89.0.4389.23 (61b08ee2c5002..., userDataDir: C:\Users\Admin\AppData\Loca...}, goog:chromeOptions: {debuggerAddress: localhost:51296}, javascriptEnabled: true, networkConnectionEnabled: false, pageLoadStrategy: normal, platform: WINDOWS, platformName: WINDOWS, proxy: Proxy(), setWindowRect: true, strictFileInteractability: false, timeouts: {implicit: 0, pageLoad: 300000, script: 30000}, unhandledPromptBehavior: dismiss and notify, webauthn:extension:largeBlob: true, webauthn:virtualAuthenticators: true}
Session ID: 7670d5ed0d993c2494a74bf5b458f897
*** Element info: {Using=xpath, value=//div[contains(@class,&apos;bar-notification&apos;)]//a[text() = &apos;shopping cart&apos;]}
	at org.openqa.selenium.remote.http.W3CHttpResponseCodec.createException(W3CHttpResponseCodec.java:187)
	at org.openqa.selenium.remote.http.W3CHttpResponseCodec.decode(W3CHttpResponseCodec.java:122)
	at org.openqa.selenium.remote.http.W3CHttpResponseCodec.decode(W3CHttpResponseCodec.java:49)
	at org.openqa.selenium.remote.HttpCommandExecutor.execute(HttpCommandExecutor.java:158)
	at org.openqa.selenium.remote.service.DriverCommandExecutor.execute(DriverCommandExecutor.java:83)
	at org.openqa.selenium.remote.RemoteWebDriver.execute(RemoteWebDriver.java:552)
	at org.openqa.selenium.remote.RemoteWebDriver.findElement(RemoteWebDriver.java:323)
	at org.openqa.selenium.remote.RemoteWebDriver.findElementByXPath(RemoteWebDriver.java:428)
	at org.openqa.selenium.By$ByXPath.findElement(By.java:353)
	at org.openqa.selenium.remote.RemoteWebDriver.findElement(RemoteWebDriver.java:315)
	at commons.AbstractPage.findElementByXpath(AbstractPage.java:78)
	at commons.AbstractPage.clickToElement(AbstractPage.java:101)
	at commons.AbstractPage.clickToNopCommerceLinkByClass(AbstractPage.java:845)
	at com.nopcommerce.others.Others_04_Order.TC_04_UpdateShoppingCart(Others_04_Order.java:164)
... Removed 30 stack frames</pre></div><a href='#' onClick='toggleBox("stack-trace1122297225", this, "Click to show all stack frames", "Click to hide stack frames")'>Click to show all stack frames</a>
<div class='stack-trace' id='stack-trace1122297225'><pre>org.openqa.selenium.NoSuchElementException: no such element: Unable to locate element: {&quot;method&quot;:&quot;xpath&quot;,&quot;selector&quot;:&quot;//div[contains(@class,&apos;bar-notification&apos;)]//a[text() = &apos;shopping cart&apos;]&quot;}
  (Session info: chrome=89.0.4389.90)
For documentation on this error, please visit: https://www.seleniumhq.org/exceptions/no_such_element.html
Build info: version: &apos;3.141.59&apos;, revision: &apos;e82be7d358&apos;, time: &apos;2018-11-14T08:17:03&apos;
System info: host: &apos;ADMIN&apos;, ip: &apos;192.168.44.113&apos;, os.name: &apos;Windows 10&apos;, os.arch: &apos;amd64&apos;, os.version: &apos;10.0&apos;, java.version: &apos;15.0.1&apos;
Driver info: org.openqa.selenium.chrome.ChromeDriver
Capabilities {acceptInsecureCerts: false, browserName: chrome, browserVersion: 89.0.4389.90, chrome: {chromedriverVersion: 89.0.4389.23 (61b08ee2c5002..., userDataDir: C:\Users\Admin\AppData\Loca...}, goog:chromeOptions: {debuggerAddress: localhost:51296}, javascriptEnabled: true, networkConnectionEnabled: false, pageLoadStrategy: normal, platform: WINDOWS, platformName: WINDOWS, proxy: Proxy(), setWindowRect: true, strictFileInteractability: false, timeouts: {implicit: 0, pageLoad: 300000, script: 30000}, unhandledPromptBehavior: dismiss and notify, webauthn:extension:largeBlob: true, webauthn:virtualAuthenticators: true}
Session ID: 7670d5ed0d993c2494a74bf5b458f897
*** Element info: {Using=xpath, value=//div[contains(@class,&apos;bar-notification&apos;)]//a[text() = &apos;shopping cart&apos;]}
	at java.base/jdk.internal.reflect.NativeConstructorAccessorImpl.newInstance0(Native Method)
	at java.base/jdk.internal.reflect.NativeConstructorAccessorImpl.newInstance(NativeConstructorAccessorImpl.java:64)
	at java.base/jdk.internal.reflect.DelegatingConstructorAccessorImpl.newInstance(DelegatingConstructorAccessorImpl.java:45)
	at java.base/java.lang.reflect.Constructor.newInstanceWithCaller(Constructor.java:500)
	at java.base/java.lang.reflect.Constructor.newInstance(Constructor.java:481)
	at org.openqa.selenium.remote.http.W3CHttpResponseCodec.createException(W3CHttpResponseCodec.java:187)
	at org.openqa.selenium.remote.http.W3CHttpResponseCodec.decode(W3CHttpResponseCodec.java:122)
	at org.openqa.selenium.remote.http.W3CHttpResponseCodec.decode(W3CHttpResponseCodec.java:49)
	at org.openqa.selenium.remote.HttpCommandExecutor.execute(HttpCommandExecutor.java:158)
	at org.openqa.selenium.remote.service.DriverCommandExecutor.execute(DriverCommandExecutor.java:83)
	at org.openqa.selenium.remote.RemoteWebDriver.execute(RemoteWebDriver.java:552)
	at org.openqa.selenium.remote.RemoteWebDriver.findElement(RemoteWebDriver.java:323)
	at org.openqa.selenium.remote.RemoteWebDriver.findElementByXPath(RemoteWebDriver.java:428)
	at org.openqa.selenium.By$ByXPath.findElement(By.java:353)
	at org.openqa.selenium.remote.RemoteWebDriver.findElement(RemoteWebDriver.java:315)
	at commons.AbstractPage.findElementByXpath(AbstractPage.java:78)
	at commons.AbstractPage.clickToElement(AbstractPage.java:101)
	at commons.AbstractPage.clickToNopCommerceLinkByClass(AbstractPage.java:845)
	at com.nopcommerce.others.Others_04_Order.TC_04_UpdateShoppingCart(Others_04_Order.java:164)
	at java.base/jdk.internal.reflect.NativeMethodAccessorImpl.invoke0(Native Method)
	at java.base/jdk.internal.reflect.NativeMethodAccessorImpl.invoke(NativeMethodAccessorImpl.java:64)
	at java.base/jdk.internal.reflect.DelegatingMethodAccessorImpl.invoke(DelegatingMethodAccessorImpl.java:43)
	at java.base/java.lang.reflect.Method.invoke(Method.java:564)
	at org.testng.internal.MethodInvocationHelper.invokeMethod(MethodInvocationHelper.java:124)
	at org.testng.internal.Invoker.invokeMethod(Invoker.java:583)
	at org.testng.internal.Invoker.invokeTestMethod(Invoker.java:719)
	at org.testng.internal.Invoker.invokeTestMethods(Invoker.java:989)
	at org.testng.internal.TestMethodWorker.invokeTestMethods(TestMethodWorker.java:125)
	at org.testng.internal.TestMethodWorker.run(TestMethodWorker.java:109)
	at org.testng.TestRunner.privateRun(TestRunner.java:648)
	at org.testng.TestRunner.run(TestRunner.java:505)
	at org.testng.SuiteRunner.runTest(SuiteRunner.java:455)
	at org.testng.SuiteRunner.runSequentially(SuiteRunner.java:450)
	at org.testng.SuiteRunner.privateRun(SuiteRunner.java:415)
	at org.testng.SuiteRunner.run(SuiteRunner.java:364)
	at org.testng.SuiteRunnerWorker.runSuite(SuiteRunnerWorker.java:52)
	at org.testng.SuiteRunnerWorker.run(SuiteRunnerWorker.java:84)
	at org.testng.TestNG.runSuitesSequentially(TestNG.java:1208)
	at org.testng.TestNG.runSuitesLocally(TestNG.java:1137)
	at org.testng.TestNG.runSuites(TestNG.java:1049)
	at org.testng.TestNG.run(TestNG.java:1017)
	at org.testng.remote.AbstractRemoteTestNG.run(AbstractRemoteTestNG.java:115)
	at org.testng.remote.RemoteTestNG.initAndRun(RemoteTestNG.java:251)
	at org.testng.remote.RemoteTestNG.main(RemoteTestNG.java:77)
</pre></div></td>
<td>82</td>
<td>com.nopcommerce.others.Others_04_Order@6f43c82</td></tr>
</table><p>
<table width='100%' border='1' class='invocation-passed'>
<tr><td colspan='4' align='center'><b>PASSED TESTS</b></td></tr>
<tr><td><b>Test method</b></td>
<td width="30%"><b>Exception</b></td>
<td width="10%"><b>Time (seconds)</b></td>
<td><b>Instance</b></td>
</tr>
<tr>
<td title='com.nopcommerce.others.Others_04_Order.TC_01_AddProductToCartWithDetail()'><b>TC_01_AddProductToCartWithDetail</b><br>Test class: com.nopcommerce.others.Others_04_Order<br/>
<a href="#Output-1891673045" onClick='toggleBox("Output-1891673045", this, "Show output", "Hide output");'>Show output</a>

<a href="#Output-1891673045" onClick="toggleAllBoxes();">Show all outputs</a>
<div class='log' id="Output-1891673045">
[INFO ] [2021-03-20 00:50:03,664] TC_02_AddProductToCartFromWishlistPage - Step 01: Click to 'Wishlist' Link
<br/>
[INFO ] [2021-03-20 00:50:10,473]  -------------------------- PASSED -------------------------- 
<br/>
[INFO ] [2021-03-20 00:50:10,479] Price ----------------------------
<br/>
[INFO ] [2021-03-20 00:50:13,611]  -------------------------- PASSED -------------------------- 
<br/>
[INFO ] [2021-03-20 00:50:13,614] Total price ----------------------------
<br/>
[INFO ] [2021-03-20 00:50:16,754]  -------------------------- PASSED -------------------------- 
<br/>
[INFO ] [2021-03-20 00:50:16,756] Product detail ----------------------------
<br/>
[INFO ] [2021-03-20 00:50:19,871]  -------------------------- PASSED -------------------------- 
<br/>
[INFO ] [2021-03-20 00:50:22,981]  -------------------------- PASSED -------------------------- 
<br/>
[INFO ] [2021-03-20 00:50:26,147]  -------------------------- PASSED -------------------------- 
<br/>
[INFO ] [2021-03-20 00:50:29,304]  -------------------------- PASSED -------------------------- 
<br/>
[INFO ] [2021-03-20 00:50:32,471]  -------------------------- PASSED -------------------------- 
<br/>
</div>
</td>
<td></td>
<td>29</td>
<td>com.nopcommerce.others.Others_04_Order@6f43c82</td></tr>
<tr>
<td title='com.nopcommerce.others.Others_04_Order.TC_02_EditProductInShoppingCart()'><b>TC_02_EditProductInShoppingCart</b><br>Test class: com.nopcommerce.others.Others_04_Order<br/>
<a href="#Output-375951774" onClick='toggleBox("Output-375951774", this, "Show output", "Hide output");'>Show output</a>

<a href="#Output-375951774" onClick="toggleAllBoxes();">Show all outputs</a>
<div class='log' id="Output-375951774">
[INFO ] [2021-03-20 00:50:39,476]  -------------------------- PASSED -------------------------- 
<br/>
[INFO ] [2021-03-20 00:50:39,479] Price ----------------------------
<br/>
[INFO ] [2021-03-20 00:50:42,631]  -------------------------- PASSED -------------------------- 
<br/>
[INFO ] [2021-03-20 00:50:42,639] Quantity  ----------------------------
<br/>
[INFO ] [2021-03-20 00:50:45,792]  -------------------------- PASSED -------------------------- 
<br/>
[INFO ] [2021-03-20 00:50:45,796] Total price ----------------------------
<br/>
[INFO ] [2021-03-20 00:50:48,915]  -------------------------- PASSED -------------------------- 
<br/>
[INFO ] [2021-03-20 00:50:48,918] Product detail ----------------------------
<br/>
[INFO ] [2021-03-20 00:50:52,039]  -------------------------- PASSED -------------------------- 
<br/>
[INFO ] [2021-03-20 00:50:55,161]  -------------------------- PASSED -------------------------- 
<br/>
[INFO ] [2021-03-20 00:50:58,300]  -------------------------- PASSED -------------------------- 
<br/>
[INFO ] [2021-03-20 00:51:01,385]  -------------------------- PASSED -------------------------- 
<br/>
[INFO ] [2021-03-20 00:51:04,507]  -------------------------- PASSED -------------------------- 
<br/>
</div>
</td>
<td></td>
<td>32</td>
<td>com.nopcommerce.others.Others_04_Order@6f43c82</td></tr>
<tr>
<td title='com.nopcommerce.others.Others_04_Order.TC_03_RemoveFromCart()'><b>TC_03_RemoveFromCart</b><br>Test class: com.nopcommerce.others.Others_04_Order<br/>
<a href="#Output-247969246" onClick='toggleBox("Output-247969246", this, "Show output", "Hide output");'>Show output</a>

<a href="#Output-247969246" onClick="toggleAllBoxes();">Show all outputs</a>
<div class='log' id="Output-247969246">
[INFO ] [2021-03-20 00:51:06,215] Click Remove icon ------------------------------------------------------------
<br/>
[INFO ] [2021-03-20 00:51:09,870] Verify delete item successfully ---------------------------------------------------------------------
<br/>
[INFO ] [2021-03-20 00:51:09,947]  -------------------------- PASSED -------------------------- 
<br/>
[INFO ] [2021-03-20 00:51:16,109]  -------------------------- PASSED -------------------------- 
<br/>
</div>
</td>
<td></td>
<td>11</td>
<td>com.nopcommerce.others.Others_04_Order@6f43c82</td></tr>
<tr>
<td title='com.nopcommerce.others.Others_04_Order.TC_05_CheckOutOrderProductByCheque()'><b>TC_05_CheckOutOrderProductByCheque</b><br>Test class: com.nopcommerce.others.Others_04_Order</td>
<td></td>
<td>0</td>
<td>com.nopcommerce.others.Others_04_Order@6f43c82</td></tr>
<tr>
<td title='com.nopcommerce.others.Others_04_Order.TC_06_CheckOutOrderProductByCreditCard()'><b>TC_06_CheckOutOrderProductByCreditCard</b><br>Test class: com.nopcommerce.others.Others_04_Order</td>
<td></td>
<td>0</td>
<td>com.nopcommerce.others.Others_04_Order@6f43c82</td></tr>
<tr>
<td title='com.nopcommerce.others.Others_04_Order.TC_07_ReOrderProduct()'><b>TC_07_ReOrderProduct</b><br>Test class: com.nopcommerce.others.Others_04_Order</td>
<td></td>
<td>0</td>
<td>com.nopcommerce.others.Others_04_Order@6f43c82</td></tr>
</table><p>
</body>
</html>