<?xml version="1.0" encoding="UTF-8"?>
<!-- Generated by org.testng.reporters.JUnitXMLReporter -->
<testsuite ignored="0" hostname="Admin" failures="1" tests="7" name="Run on CHROME" time="165.38" errors="0" timestamp="19 Mar 2021 17:52:40 GMT">
  <testcase classname="com.nopcommerce.others.Others_04_Order" name="TC_01_AddProductToCartWithDetail" time="29.537"/>
  <testcase classname="com.nopcommerce.others.Others_04_Order" name="TC_05_CheckOutOrderProductByCheque" time="0.003"/>
  <testcase classname="com.nopcommerce.others.Others_04_Order" name="TC_06_CheckOutOrderProductByCreditCard" time="0.002"/>
  <testcase classname="com.nopcommerce.others.Others_04_Order" name="TC_07_ReOrderProduct" time="0.001"/>
  <testcase classname="com.nopcommerce.others.Others_04_Order" name="TC_02_EditProductInShoppingCart" time="32.168"/>
  <testcase classname="com.nopcommerce.others.Others_04_Order" name="TC_03_RemoveFromCart" time="11.387"/>
  <testcase classname="com.nopcommerce.others.Others_04_Order" name="TC_04_UpdateShoppingCart" time="82.415">
    <failure type="org.openqa.selenium.NoSuchElementException" message="no such element: Unable to locate element: {&amp;quot;method&amp;quot;:&amp;quot;xpath&amp;quot;,&amp;quot;selector&amp;quot;:&amp;quot;//div[contains(@class,&amp;apos;bar-notification&amp;apos;)]//a[text() = &amp;apos;shopping cart&amp;apos;]&amp;quot;}
  (Session info: chrome=89.0.4389.90)
For documentation on this error, please visit: https://www.seleniumhq.org/exceptions/no_such_element.html
Build info: version: &amp;apos;3.141.59&amp;apos;, revision: &amp;apos;e82be7d358&amp;apos;, time: &amp;apos;2018-11-14T08:17:03&amp;apos;
System info: host: &amp;apos;ADMIN&amp;apos;, ip: &amp;apos;192.168.44.113&amp;apos;, os.name: &amp;apos;Windows 10&amp;apos;, os.arch: &amp;apos;amd64&amp;apos;, os.version: &amp;apos;10.0&amp;apos;, java.version: &amp;apos;15.0.1&amp;apos;
Driver info: org.openqa.selenium.chrome.ChromeDriver
Capabilities {acceptInsecureCerts: false, browserName: chrome, browserVersion: 89.0.4389.90, chrome: {chromedriverVersion: 89.0.4389.23 (61b08ee2c5002..., userDataDir: C:\Users\Admin\AppData\Loca...}, goog:chromeOptions: {debuggerAddress: localhost:51296}, javascriptEnabled: true, networkConnectionEnabled: false, pageLoadStrategy: normal, platform: WINDOWS, platformName: WINDOWS, proxy: Proxy(), setWindowRect: true, strictFileInteractability: false, timeouts: {implicit: 0, pageLoad: 300000, script: 30000}, unhandledPromptBehavior: dismiss and notify, webauthn:extension:largeBlob: true, webauthn:virtualAuthenticators: true}
Session ID: 7670d5ed0d993c2494a74bf5b458f897
*** Element info: {Using=xpath, value=//div[contains(@class,&amp;apos;bar-notification&amp;apos;)]//a[text() = &amp;apos;shopping cart&amp;apos;]}">
      <![CDATA[org.openqa.selenium.NoSuchElementException: no such element: Unable to locate element: {"method":"xpath","selector":"//div[contains(@class,'bar-notification')]//a[text() = 'shopping cart']"}
  (Session info: chrome=89.0.4389.90)
For documentation on this error, please visit: https://www.seleniumhq.org/exceptions/no_such_element.html
Build info: version: '3.141.59', revision: 'e82be7d358', time: '2018-11-14T08:17:03'
System info: host: 'ADMIN', ip: '192.168.44.113', os.name: 'Windows 10', os.arch: 'amd64', os.version: '10.0', java.version: '15.0.1'
Driver info: org.openqa.selenium.chrome.ChromeDriver
Capabilities {acceptInsecureCerts: false, browserName: chrome, browserVersion: 89.0.4389.90, chrome: {chromedriverVersion: 89.0.4389.23 (61b08ee2c5002..., userDataDir: C:\Users\Admin\AppData\Loca...}, goog:chromeOptions: {debuggerAddress: localhost:51296}, javascriptEnabled: true, networkConnectionEnabled: false, pageLoadStrategy: normal, platform: WINDOWS, platformName: WINDOWS, proxy: Proxy(), setWindowRect: true, strictFileInteractability: false, timeouts: {implicit: 0, pageLoad: 300000, script: 30000}, unhandledPromptBehavior: dismiss and notify, webauthn:extension:largeBlob: true, webauthn:virtualAuthenticators: true}
Session ID: 7670d5ed0d993c2494a74bf5b458f897
*** Element info: {Using=xpath, value=//div[contains(@class,'bar-notification')]//a[text() = 'shopping cart']}
at org.openqa.selenium.remote.http.W3CHttpResponseCodec.createException(W3CHttpResponseCodec.java:187)
at org.openqa.selenium.remote.http.W3CHttpResponseCodec.decode(W3CHttpResponseCodec.java:122)
at org.openqa.selenium.remote.http.W3CHttpResponseCodec.decode(W3CHttpResponseCodec.java:49)
at org.openqa.selenium.remote.HttpCommandExecutor.execute(HttpCommandExecutor.java:158)
at org.openqa.selenium.remote.service.DriverCommandExecutor.execute(DriverCommandExecutor.java:83)
at org.openqa.selenium.remote.RemoteWebDriver.execute(RemoteWebDriver.java:552)
at org.openqa.selenium.remote.RemoteWebDriver.findElement(RemoteWebDriver.java:323)
at org.openqa.selenium.remote.RemoteWebDriver.findElementByXPath(RemoteWebDriver.java:428)
at org.openqa.selenium.By$ByXPath.findElement(By.java:353)
at org.openqa.selenium.remote.RemoteWebDriver.findElement(RemoteWebDriver.java:315)
at commons.AbstractPage.findElementByXpath(AbstractPage.java:78)
at commons.AbstractPage.clickToElement(AbstractPage.java:101)
at commons.AbstractPage.clickToNopCommerceLinkByClass(AbstractPage.java:845)
at com.nopcommerce.others.Others_04_Order.TC_04_UpdateShoppingCart(Others_04_Order.java:164)
... Removed 30 stack frames]]>
    </failure>
  </testcase> <!-- TC_04_UpdateShoppingCart -->
</testsuite> <!-- Run on CHROME -->
