<?xml version="1.0" encoding="UTF-8"?>
<!-- Generated by org.testng.reporters.JUnitXMLReporter -->
<testsuite ignored="0" hostname="Admin" failures="0" tests="7" name="Run on CHROME" time="78.998" errors="0" timestamp="06 Jun 2021 13:44:10 GMT">
  <testcase classname="com.nopcommerce.others.Others_05_SortAndPaging" name="TC_01_SortWithNameAscending" time="2.315"/>
  <testcase classname="com.nopcommerce.others.Others_05_SortAndPaging" name="TC_02_SortWithNameDescending" time="2.284"/>
  <testcase classname="com.nopcommerce.others.Others_05_SortAndPaging" name="TC_03_SortWithPriceLowToHigh" time="2.273"/>
  <testcase classname="com.nopcommerce.others.Others_05_SortAndPaging" name="TC_04_SortWithPriceHighToLow" time="2.283"/>
  <testcase classname="com.nopcommerce.others.Others_05_SortAndPaging" name="TC_05_DisplayWith3ProductFor1Page" time="10.672"/>
  <testcase classname="com.nopcommerce.others.Others_05_SortAndPaging" name="TC_06_DisplayWith6ProductFor1Page" time="8.179"/>
  <testcase classname="com.nopcommerce.others.Others_05_SortAndPaging" name="TC_07_DisplayWith9ProductFor1Page" time="8.266"/>
</testsuite> <!-- Run on CHROME -->
