<?xml version="1.0" encoding="UTF-8"?>
<testsuite name="Run on CHROME"
           tests="8"
           failures="0"
           errors="0"
           skipped="0"
           time="12.660">
  <properties />
  
  
            <testcase name="TC_01_SearchWithEmptyData" time="1.718" classname="com.nopcommerce.others.Others_02_SearchData" />
                <testcase name="TC_07_AdvancedSearchWithIncorrectManufacturer" time="2.004" classname="com.nopcommerce.others.Others_02_SearchData" />
                <testcase name="TC_05_AdvancedSearchWithParentCategories" time="2.218" classname="com.nopcommerce.others.Others_02_SearchData" />
                <testcase name="TC_04_SearchWithProductNameAbsolutely" time="1.601" classname="com.nopcommerce.others.Others_02_SearchData" />
                <testcase name="TC_06_AdvancedSearchWithSubCategories" time="1.449" classname="com.nopcommerce.others.Others_02_SearchData" />
                <testcase name="TC_03_SearchWithProductNameRelative" time="0.951" classname="com.nopcommerce.others.Others_02_SearchData" />
                <testcase name="TC_08_AdvancedSearchWithCorrectManufacturer" time="1.690" classname="com.nopcommerce.others.Others_02_SearchData" />
                <testcase name="TC_02_SearchWithNotExistData" time="1.029" classname="com.nopcommerce.others.Others_02_SearchData" />
      
</testsuite>
