<?xml version="1.0" encoding="UTF-8"?>
<testsuite name="Run on CHROME"
           tests="6"
           failures="0"
           errors="0"
           skipped="0"
           time="13.783">
  <properties />
  
  
            <testcase name="TC_03_RegisterWithExistEmail" time="2.522" classname="com.nopcommerce.login.Login_01_Register" />
                <testcase name="TC_06_RegisterToSystem" time="4.217" classname="com.nopcommerce.login.Login_01_Register" />
                <testcase name="TC_05_RegisterWithInvalidConfirmPass" time="1.566" classname="com.nopcommerce.login.Login_01_Register" />
                <testcase name="TC_01_RegisterWithEmptyData" time="1.809" classname="com.nopcommerce.login.Login_01_Register" />
                <testcase name="TC_04_RegisterWithInvalidPass" time="1.708" classname="com.nopcommerce.login.Login_01_Register" />
                <testcase name="TC_02_RegisterWithInvalidEmail" time="1.961" classname="com.nopcommerce.login.Login_01_Register" />
      
</testsuite>
