<?xml version="1.0" encoding="UTF-8"?>
<testsuite name="Run on CHROME"
           tests="6"
           failures="0"
           errors="0"
           skipped="0"
           time="9.370">
  <properties />
  
  
            <testcase name="TC_04_LoginWithEmptyPass" time="1.051" classname="com.nopcommerce.login.Login_02_Login" />
                <testcase name="TC_05_LoginWithWrongPass" time="1.783" classname="com.nopcommerce.login.Login_02_Login" />
                <testcase name="TC_02_LoginWithInvalidEmail" time="0.676" classname="com.nopcommerce.login.Login_02_Login" />
                <testcase name="TC_06_LoginToTheSystem" time="4.153" classname="com.nopcommerce.login.Login_02_Login" />
                <testcase name="TC_01_LoginWithEmptyData" time="0.574" classname="com.nopcommerce.login.Login_02_Login" />
                <testcase name="TC_03_LoginWithIncorrectEmail" time="1.133" classname="com.nopcommerce.login.Login_02_Login" />
      
</testsuite>
