<?xml version="1.0" encoding="UTF-8"?>
<testng-results ignored="0" total="7" passed="6" failed="1" skipped="0">
  <reporter-output>
    <line>
      <![CDATA[[INFO ] [2021-03-20 00:49:51,494]  -------------------------- PASSED -------------------------- 
]]>
    </line>
    <line>
      <![CDATA[[INFO ] [2021-03-20 00:49:59,839] Pre-conditions: Login to the System and go to My Account page
]]>
    </line>
    <line>
      <![CDATA[[INFO ] [2021-03-20 00:50:03,654]  -------------------------- PASSED -------------------------- 
]]>
    </line>
    <line>
      <![CDATA[[INFO ] [2021-03-20 00:50:03,664] TC_02_AddProductToCartFromWishlistPage - Step 01: Click to 'Wishlist' Link
]]>
    </line>
    <line>
      <![CDATA[[INFO ] [2021-03-20 00:50:10,473]  -------------------------- PASSED -------------------------- 
]]>
    </line>
    <line>
      <![CDATA[[INFO ] [2021-03-20 00:50:10,479] Price ----------------------------
]]>
    </line>
    <line>
      <![CDATA[[INFO ] [2021-03-20 00:50:13,611]  -------------------------- PASSED -------------------------- 
]]>
    </line>
    <line>
      <![CDATA[[INFO ] [2021-03-20 00:50:13,614] Total price ----------------------------
]]>
    </line>
    <line>
      <![CDATA[[INFO ] [2021-03-20 00:50:16,754]  -------------------------- PASSED -------------------------- 
]]>
    </line>
    <line>
      <![CDATA[[INFO ] [2021-03-20 00:50:16,756] Product detail ----------------------------
]]>
    </line>
    <line>
      <![CDATA[[INFO ] [2021-03-20 00:50:19,871]  -------------------------- PASSED -------------------------- 
]]>
    </line>
    <line>
      <![CDATA[[INFO ] [2021-03-20 00:50:22,981]  -------------------------- PASSED -------------------------- 
]]>
    </line>
    <line>
      <![CDATA[[INFO ] [2021-03-20 00:50:26,147]  -------------------------- PASSED -------------------------- 
]]>
    </line>
    <line>
      <![CDATA[[INFO ] [2021-03-20 00:50:29,304]  -------------------------- PASSED -------------------------- 
]]>
    </line>
    <line>
      <![CDATA[[INFO ] [2021-03-20 00:50:32,471]  -------------------------- PASSED -------------------------- 
]]>
    </line>
    <line>
      <![CDATA[[INFO ] [2021-03-20 00:50:39,476]  -------------------------- PASSED -------------------------- 
]]>
    </line>
    <line>
      <![CDATA[[INFO ] [2021-03-20 00:50:39,479] Price ----------------------------
]]>
    </line>
    <line>
      <![CDATA[[INFO ] [2021-03-20 00:50:42,631]  -------------------------- PASSED -------------------------- 
]]>
    </line>
    <line>
      <![CDATA[[INFO ] [2021-03-20 00:50:42,639] Quantity  ----------------------------
]]>
    </line>
    <line>
      <![CDATA[[INFO ] [2021-03-20 00:50:45,792]  -------------------------- PASSED -------------------------- 
]]>
    </line>
    <line>
      <![CDATA[[INFO ] [2021-03-20 00:50:45,796] Total price ----------------------------
]]>
    </line>
    <line>
      <![CDATA[[INFO ] [2021-03-20 00:50:48,915]  -------------------------- PASSED -------------------------- 
]]>
    </line>
    <line>
      <![CDATA[[INFO ] [2021-03-20 00:50:48,918] Product detail ----------------------------
]]>
    </line>
    <line>
      <![CDATA[[INFO ] [2021-03-20 00:50:52,039]  -------------------------- PASSED -------------------------- 
]]>
    </line>
    <line>
      <![CDATA[[INFO ] [2021-03-20 00:50:55,161]  -------------------------- PASSED -------------------------- 
]]>
    </line>
    <line>
      <![CDATA[[INFO ] [2021-03-20 00:50:58,300]  -------------------------- PASSED -------------------------- 
]]>
    </line>
    <line>
      <![CDATA[[INFO ] [2021-03-20 00:51:01,385]  -------------------------- PASSED -------------------------- 
]]>
    </line>
    <line>
      <![CDATA[[INFO ] [2021-03-20 00:51:04,507]  -------------------------- PASSED -------------------------- 
]]>
    </line>
    <line>
      <![CDATA[[INFO ] [2021-03-20 00:51:06,215] Click Remove icon ------------------------------------------------------------
]]>
    </line>
    <line>
      <![CDATA[[INFO ] [2021-03-20 00:51:09,870] Verify delete item successfully ---------------------------------------------------------------------
]]>
    </line>
    <line>
      <![CDATA[[INFO ] [2021-03-20 00:51:09,947]  -------------------------- PASSED -------------------------- 
]]>
    </line>
    <line>
      <![CDATA[[INFO ] [2021-03-20 00:51:16,109]  -------------------------- PASSED -------------------------- 
]]>
    </line>
    <line>
      <![CDATA[[INFO ] [2021-03-20 00:52:39,221] OS Name = windows 10
]]>
    </line>
    <line>
      <![CDATA[[INFO ] [2021-03-20 00:52:40,272] ---------------------- QUIT BROWSER SUCCESS ----------------------
]]>
    </line>
  </reporter-output>
  <suite started-at="2021-03-19T17:49:54Z" name="Nop Commerce" finished-at="2021-03-19T17:52:40Z" duration-ms="165380">
    <groups>
    </groups>
    <test started-at="2021-03-19T17:49:54Z" name="Run on CHROME" finished-at="2021-03-19T17:52:40Z" duration-ms="165380">
      <class name="com.nopcommerce.common.Common_01_RegisterUser">
        <test-method is-config="true" signature="createUser(java.lang.String)[pri:0, instance:com.nopcommerce.common.Common_01_RegisterUser@821330f]" started-at="2021-03-19T17:49:37Z" name="createUser" finished-at="2021-03-19T17:49:54Z" duration-ms="17298" status="PASS">
          <params>
            <param index="0">
              <value>
                <![CDATA[chrome]]>
              </value>
            </param>
          </params>
          <reporter-output>
            <line>
              <![CDATA[[INFO ] [2021-03-20 00:49:51,494]  -------------------------- PASSED -------------------------- 
]]>
            </line>
          </reporter-output>
        </test-method> <!-- createUser -->
      </class> <!-- com.nopcommerce.common.Common_01_RegisterUser -->
      <class name="com.nopcommerce.others.Others_04_Order">
        <test-method is-config="true" signature="beforeClass(java.lang.String)[pri:0, instance:com.nopcommerce.others.Others_04_Order@6f43c82]" started-at="2021-03-19T17:49:54Z" name="beforeClass" finished-at="2021-03-19T17:50:03Z" duration-ms="8731" status="PASS">
          <params>
            <param index="0">
              <value>
                <![CDATA[chrome]]>
              </value>
            </param>
          </params>
          <reporter-output>
            <line>
              <![CDATA[[INFO ] [2021-03-20 00:49:59,839] Pre-conditions: Login to the System and go to My Account page
]]>
            </line>
            <line>
              <![CDATA[[INFO ] [2021-03-20 00:50:03,654]  -------------------------- PASSED -------------------------- 
]]>
            </line>
          </reporter-output>
        </test-method> <!-- beforeClass -->
        <test-method is-config="true" signature="beforeMethod()[pri:0, instance:com.nopcommerce.others.Others_04_Order@6f43c82]" started-at="2021-03-19T17:50:03Z" name="beforeMethod" finished-at="2021-03-19T17:50:03Z" duration-ms="1" status="PASS">
          <reporter-output>
          </reporter-output>
        </test-method> <!-- beforeMethod -->
        <test-method signature="TC_01_AddProductToCartWithDetail()[pri:0, instance:com.nopcommerce.others.Others_04_Order@6f43c82]" started-at="2021-03-19T17:50:03Z" name="TC_01_AddProductToCartWithDetail" finished-at="2021-03-19T17:50:33Z" duration-ms="29537" status="PASS">
          <reporter-output>
            <line>
              <![CDATA[[INFO ] [2021-03-20 00:50:03,664] TC_02_AddProductToCartFromWishlistPage - Step 01: Click to 'Wishlist' Link
]]>
            </line>
            <line>
              <![CDATA[[INFO ] [2021-03-20 00:50:10,473]  -------------------------- PASSED -------------------------- 
]]>
            </line>
            <line>
              <![CDATA[[INFO ] [2021-03-20 00:50:10,479] Price ----------------------------
]]>
            </line>
            <line>
              <![CDATA[[INFO ] [2021-03-20 00:50:13,611]  -------------------------- PASSED -------------------------- 
]]>
            </line>
            <line>
              <![CDATA[[INFO ] [2021-03-20 00:50:13,614] Total price ----------------------------
]]>
            </line>
            <line>
              <![CDATA[[INFO ] [2021-03-20 00:50:16,754]  -------------------------- PASSED -------------------------- 
]]>
            </line>
            <line>
              <![CDATA[[INFO ] [2021-03-20 00:50:16,756] Product detail ----------------------------
]]>
            </line>
            <line>
              <![CDATA[[INFO ] [2021-03-20 00:50:19,871]  -------------------------- PASSED -------------------------- 
]]>
            </line>
            <line>
              <![CDATA[[INFO ] [2021-03-20 00:50:22,981]  -------------------------- PASSED -------------------------- 
]]>
            </line>
            <line>
              <![CDATA[[INFO ] [2021-03-20 00:50:26,147]  -------------------------- PASSED -------------------------- 
]]>
            </line>
            <line>
              <![CDATA[[INFO ] [2021-03-20 00:50:29,304]  -------------------------- PASSED -------------------------- 
]]>
            </line>
            <line>
              <![CDATA[[INFO ] [2021-03-20 00:50:32,471]  -------------------------- PASSED -------------------------- 
]]>
            </line>
          </reporter-output>
        </test-method> <!-- TC_01_AddProductToCartWithDetail -->
        <test-method signature="TC_05_CheckOutOrderProductByCheque()[pri:0, instance:com.nopcommerce.others.Others_04_Order@6f43c82]" started-at="2021-03-19T17:50:33Z" name="TC_05_CheckOutOrderProductByCheque" finished-at="2021-03-19T17:50:33Z" duration-ms="3" status="PASS">
          <reporter-output>
          </reporter-output>
        </test-method> <!-- TC_05_CheckOutOrderProductByCheque -->
        <test-method is-config="true" signature="beforeMethod()[pri:0, instance:com.nopcommerce.others.Others_04_Order@6f43c82]" started-at="2021-03-19T17:50:33Z" name="beforeMethod" finished-at="2021-03-19T17:50:33Z" duration-ms="0" status="PASS">
          <reporter-output>
          </reporter-output>
        </test-method> <!-- beforeMethod -->
        <test-method signature="TC_06_CheckOutOrderProductByCreditCard()[pri:0, instance:com.nopcommerce.others.Others_04_Order@6f43c82]" started-at="2021-03-19T17:50:33Z" name="TC_06_CheckOutOrderProductByCreditCard" finished-at="2021-03-19T17:50:33Z" duration-ms="2" status="PASS">
          <reporter-output>
          </reporter-output>
        </test-method> <!-- TC_06_CheckOutOrderProductByCreditCard -->
        <test-method is-config="true" signature="beforeMethod()[pri:0, instance:com.nopcommerce.others.Others_04_Order@6f43c82]" started-at="2021-03-19T17:50:33Z" name="beforeMethod" finished-at="2021-03-19T17:50:33Z" duration-ms="0" status="PASS">
          <reporter-output>
          </reporter-output>
        </test-method> <!-- beforeMethod -->
        <test-method is-config="true" signature="beforeMethod()[pri:0, instance:com.nopcommerce.others.Others_04_Order@6f43c82]" started-at="2021-03-19T17:50:33Z" name="beforeMethod" finished-at="2021-03-19T17:50:33Z" duration-ms="1" status="PASS">
          <reporter-output>
          </reporter-output>
        </test-method> <!-- beforeMethod -->
        <test-method signature="TC_07_ReOrderProduct()[pri:0, instance:com.nopcommerce.others.Others_04_Order@6f43c82]" started-at="2021-03-19T17:50:33Z" name="TC_07_ReOrderProduct" finished-at="2021-03-19T17:50:33Z" duration-ms="1" status="PASS">
          <reporter-output>
          </reporter-output>
        </test-method> <!-- TC_07_ReOrderProduct -->
        <test-method is-config="true" signature="beforeMethod()[pri:0, instance:com.nopcommerce.others.Others_04_Order@6f43c82]" started-at="2021-03-19T17:50:33Z" name="beforeMethod" finished-at="2021-03-19T17:50:33Z" duration-ms="0" status="PASS">
          <reporter-output>
          </reporter-output>
        </test-method> <!-- beforeMethod -->
        <test-method signature="TC_02_EditProductInShoppingCart()[pri:0, instance:com.nopcommerce.others.Others_04_Order@6f43c82]" started-at="2021-03-19T17:50:33Z" name="TC_02_EditProductInShoppingCart" finished-at="2021-03-19T17:51:05Z" depends-on-methods="com.nopcommerce.others.Others_04_Order.TC_01_AddProductToCartWithDetail" duration-ms="32168" status="PASS">
          <reporter-output>
            <line>
              <![CDATA[[INFO ] [2021-03-20 00:50:39,476]  -------------------------- PASSED -------------------------- 
]]>
            </line>
            <line>
              <![CDATA[[INFO ] [2021-03-20 00:50:39,479] Price ----------------------------
]]>
            </line>
            <line>
              <![CDATA[[INFO ] [2021-03-20 00:50:42,631]  -------------------------- PASSED -------------------------- 
]]>
            </line>
            <line>
              <![CDATA[[INFO ] [2021-03-20 00:50:42,639] Quantity  ----------------------------
]]>
            </line>
            <line>
              <![CDATA[[INFO ] [2021-03-20 00:50:45,792]  -------------------------- PASSED -------------------------- 
]]>
            </line>
            <line>
              <![CDATA[[INFO ] [2021-03-20 00:50:45,796] Total price ----------------------------
]]>
            </line>
            <line>
              <![CDATA[[INFO ] [2021-03-20 00:50:48,915]  -------------------------- PASSED -------------------------- 
]]>
            </line>
            <line>
              <![CDATA[[INFO ] [2021-03-20 00:50:48,918] Product detail ----------------------------
]]>
            </line>
            <line>
              <![CDATA[[INFO ] [2021-03-20 00:50:52,039]  -------------------------- PASSED -------------------------- 
]]>
            </line>
            <line>
              <![CDATA[[INFO ] [2021-03-20 00:50:55,161]  -------------------------- PASSED -------------------------- 
]]>
            </line>
            <line>
              <![CDATA[[INFO ] [2021-03-20 00:50:58,300]  -------------------------- PASSED -------------------------- 
]]>
            </line>
            <line>
              <![CDATA[[INFO ] [2021-03-20 00:51:01,385]  -------------------------- PASSED -------------------------- 
]]>
            </line>
            <line>
              <![CDATA[[INFO ] [2021-03-20 00:51:04,507]  -------------------------- PASSED -------------------------- 
]]>
            </line>
          </reporter-output>
        </test-method> <!-- TC_02_EditProductInShoppingCart -->
        <test-method is-config="true" signature="beforeMethod()[pri:0, instance:com.nopcommerce.others.Others_04_Order@6f43c82]" started-at="2021-03-19T17:51:05Z" name="beforeMethod" finished-at="2021-03-19T17:51:05Z" duration-ms="1" status="PASS">
          <reporter-output>
          </reporter-output>
        </test-method> <!-- beforeMethod -->
        <test-method signature="TC_03_RemoveFromCart()[pri:0, instance:com.nopcommerce.others.Others_04_Order@6f43c82]" started-at="2021-03-19T17:51:05Z" name="TC_03_RemoveFromCart" finished-at="2021-03-19T17:51:16Z" depends-on-methods="com.nopcommerce.others.Others_04_Order.TC_02_EditProductInShoppingCart" duration-ms="11387" status="PASS">
          <reporter-output>
            <line>
              <![CDATA[[INFO ] [2021-03-20 00:51:06,215] Click Remove icon ------------------------------------------------------------
]]>
            </line>
            <line>
              <![CDATA[[INFO ] [2021-03-20 00:51:09,870] Verify delete item successfully ---------------------------------------------------------------------
]]>
            </line>
            <line>
              <![CDATA[[INFO ] [2021-03-20 00:51:09,947]  -------------------------- PASSED -------------------------- 
]]>
            </line>
            <line>
              <![CDATA[[INFO ] [2021-03-20 00:51:16,109]  -------------------------- PASSED -------------------------- 
]]>
            </line>
          </reporter-output>
        </test-method> <!-- TC_03_RemoveFromCart -->
        <test-method is-config="true" signature="beforeMethod()[pri:0, instance:com.nopcommerce.others.Others_04_Order@6f43c82]" started-at="2021-03-19T17:51:16Z" name="beforeMethod" finished-at="2021-03-19T17:51:16Z" duration-ms="0" status="PASS">
          <reporter-output>
          </reporter-output>
        </test-method> <!-- beforeMethod -->
        <test-method signature="TC_04_UpdateShoppingCart()[pri:0, instance:com.nopcommerce.others.Others_04_Order@6f43c82]" started-at="2021-03-19T17:51:16Z" name="TC_04_UpdateShoppingCart" finished-at="2021-03-19T17:52:39Z" depends-on-methods="com.nopcommerce.others.Others_04_Order.TC_03_RemoveFromCart" duration-ms="82415" status="FAIL">
          <exception class="org.openqa.selenium.NoSuchElementException">
            <message>
              <![CDATA[no such element: Unable to locate element: {"method":"xpath","selector":"//div[contains(@class,'bar-notification')]//a[text() = 'shopping cart']"}
  (Session info: chrome=89.0.4389.90)
For documentation on this error, please visit: https://www.seleniumhq.org/exceptions/no_such_element.html
Build info: version: '3.141.59', revision: 'e82be7d358', time: '2018-11-14T08:17:03'
System info: host: 'ADMIN', ip: '192.168.44.113', os.name: 'Windows 10', os.arch: 'amd64', os.version: '10.0', java.version: '15.0.1'
Driver info: org.openqa.selenium.chrome.ChromeDriver
Capabilities {acceptInsecureCerts: false, browserName: chrome, browserVersion: 89.0.4389.90, chrome: {chromedriverVersion: 89.0.4389.23 (61b08ee2c5002..., userDataDir: C:\Users\Admin\AppData\Loca...}, goog:chromeOptions: {debuggerAddress: localhost:51296}, javascriptEnabled: true, networkConnectionEnabled: false, pageLoadStrategy: normal, platform: WINDOWS, platformName: WINDOWS, proxy: Proxy(), setWindowRect: true, strictFileInteractability: false, timeouts: {implicit: 0, pageLoad: 300000, script: 30000}, unhandledPromptBehavior: dismiss and notify, webauthn:extension:largeBlob: true, webauthn:virtualAuthenticators: true}
Session ID: 7670d5ed0d993c2494a74bf5b458f897
*** Element info: {Using=xpath, value=//div[contains(@class,'bar-notification')]//a[text() = 'shopping cart']}]]>
            </message>
            <full-stacktrace>
              <![CDATA[org.openqa.selenium.NoSuchElementException: no such element: Unable to locate element: {"method":"xpath","selector":"//div[contains(@class,'bar-notification')]//a[text() = 'shopping cart']"}
  (Session info: chrome=89.0.4389.90)
For documentation on this error, please visit: https://www.seleniumhq.org/exceptions/no_such_element.html
Build info: version: '3.141.59', revision: 'e82be7d358', time: '2018-11-14T08:17:03'
System info: host: 'ADMIN', ip: '192.168.44.113', os.name: 'Windows 10', os.arch: 'amd64', os.version: '10.0', java.version: '15.0.1'
Driver info: org.openqa.selenium.chrome.ChromeDriver
Capabilities {acceptInsecureCerts: false, browserName: chrome, browserVersion: 89.0.4389.90, chrome: {chromedriverVersion: 89.0.4389.23 (61b08ee2c5002..., userDataDir: C:\Users\Admin\AppData\Loca...}, goog:chromeOptions: {debuggerAddress: localhost:51296}, javascriptEnabled: true, networkConnectionEnabled: false, pageLoadStrategy: normal, platform: WINDOWS, platformName: WINDOWS, proxy: Proxy(), setWindowRect: true, strictFileInteractability: false, timeouts: {implicit: 0, pageLoad: 300000, script: 30000}, unhandledPromptBehavior: dismiss and notify, webauthn:extension:largeBlob: true, webauthn:virtualAuthenticators: true}
Session ID: 7670d5ed0d993c2494a74bf5b458f897
*** Element info: {Using=xpath, value=//div[contains(@class,'bar-notification')]//a[text() = 'shopping cart']}
at java.base/jdk.internal.reflect.NativeConstructorAccessorImpl.newInstance0(Native Method)
at java.base/jdk.internal.reflect.NativeConstructorAccessorImpl.newInstance(NativeConstructorAccessorImpl.java:64)
at java.base/jdk.internal.reflect.DelegatingConstructorAccessorImpl.newInstance(DelegatingConstructorAccessorImpl.java:45)
at java.base/java.lang.reflect.Constructor.newInstanceWithCaller(Constructor.java:500)
at java.base/java.lang.reflect.Constructor.newInstance(Constructor.java:481)
at org.openqa.selenium.remote.http.W3CHttpResponseCodec.createException(W3CHttpResponseCodec.java:187)
at org.openqa.selenium.remote.http.W3CHttpResponseCodec.decode(W3CHttpResponseCodec.java:122)
at org.openqa.selenium.remote.http.W3CHttpResponseCodec.decode(W3CHttpResponseCodec.java:49)
at org.openqa.selenium.remote.HttpCommandExecutor.execute(HttpCommandExecutor.java:158)
at org.openqa.selenium.remote.service.DriverCommandExecutor.execute(DriverCommandExecutor.java:83)
at org.openqa.selenium.remote.RemoteWebDriver.execute(RemoteWebDriver.java:552)
at org.openqa.selenium.remote.RemoteWebDriver.findElement(RemoteWebDriver.java:323)
at org.openqa.selenium.remote.RemoteWebDriver.findElementByXPath(RemoteWebDriver.java:428)
at org.openqa.selenium.By$ByXPath.findElement(By.java:353)
at org.openqa.selenium.remote.RemoteWebDriver.findElement(RemoteWebDriver.java:315)
at commons.AbstractPage.findElementByXpath(AbstractPage.java:78)
at commons.AbstractPage.clickToElement(AbstractPage.java:101)
at commons.AbstractPage.clickToNopCommerceLinkByClass(AbstractPage.java:845)
at com.nopcommerce.others.Others_04_Order.TC_04_UpdateShoppingCart(Others_04_Order.java:164)
at java.base/jdk.internal.reflect.NativeMethodAccessorImpl.invoke0(Native Method)
at java.base/jdk.internal.reflect.NativeMethodAccessorImpl.invoke(NativeMethodAccessorImpl.java:64)
at java.base/jdk.internal.reflect.DelegatingMethodAccessorImpl.invoke(DelegatingMethodAccessorImpl.java:43)
at java.base/java.lang.reflect.Method.invoke(Method.java:564)
at org.testng.internal.MethodInvocationHelper.invokeMethod(MethodInvocationHelper.java:124)
at org.testng.internal.Invoker.invokeMethod(Invoker.java:583)
at org.testng.internal.Invoker.invokeTestMethod(Invoker.java:719)
at org.testng.internal.Invoker.invokeTestMethods(Invoker.java:989)
at org.testng.internal.TestMethodWorker.invokeTestMethods(TestMethodWorker.java:125)
at org.testng.internal.TestMethodWorker.run(TestMethodWorker.java:109)
at org.testng.TestRunner.privateRun(TestRunner.java:648)
at org.testng.TestRunner.run(TestRunner.java:505)
at org.testng.SuiteRunner.runTest(SuiteRunner.java:455)
at org.testng.SuiteRunner.runSequentially(SuiteRunner.java:450)
at org.testng.SuiteRunner.privateRun(SuiteRunner.java:415)
at org.testng.SuiteRunner.run(SuiteRunner.java:364)
at org.testng.SuiteRunnerWorker.runSuite(SuiteRunnerWorker.java:52)
at org.testng.SuiteRunnerWorker.run(SuiteRunnerWorker.java:84)
at org.testng.TestNG.runSuitesSequentially(TestNG.java:1208)
at org.testng.TestNG.runSuitesLocally(TestNG.java:1137)
at org.testng.TestNG.runSuites(TestNG.java:1049)
at org.testng.TestNG.run(TestNG.java:1017)
at org.testng.remote.AbstractRemoteTestNG.run(AbstractRemoteTestNG.java:115)
at org.testng.remote.RemoteTestNG.initAndRun(RemoteTestNG.java:251)
at org.testng.remote.RemoteTestNG.main(RemoteTestNG.java:77)
]]>
            </full-stacktrace>
          </exception> <!-- org.openqa.selenium.NoSuchElementException -->
          <reporter-output>
          </reporter-output>
        </test-method> <!-- TC_04_UpdateShoppingCart -->
        <test-method is-config="true" signature="afterClass()[pri:0, instance:com.nopcommerce.others.Others_04_Order@6f43c82]" started-at="2021-03-19T17:52:39Z" name="afterClass" finished-at="2021-03-19T17:52:40Z" duration-ms="1062" status="PASS">
          <reporter-output>
            <line>
              <![CDATA[[INFO ] [2021-03-20 00:52:39,221] OS Name = windows 10
]]>
            </line>
            <line>
              <![CDATA[[INFO ] [2021-03-20 00:52:40,272] ---------------------- QUIT BROWSER SUCCESS ----------------------
]]>
            </line>
          </reporter-output>
        </test-method> <!-- afterClass -->
      </class> <!-- com.nopcommerce.others.Others_04_Order -->
    </test> <!-- Run on CHROME -->
  </suite> <!-- Nop Commerce -->
</testng-results>
