<?xml version="1.0" encoding="UTF-8"?>
<!-- Generated by org.testng.reporters.JUnitReportReporter -->
<testsuite hostname="Admin" failures="0" tests="7" name="com.nopcommerce.others.Others_05_SortAndPaging" time="52.528" errors="0" timestamp="06 Jun 2021 13:44:10 GMT" skipped="0">
  <testcase classname="com.nopcommerce.others.Others_05_SortAndPaging" name="TC_04_SortWithPriceHighToLow" time="3.276"/>
  <testcase classname="com.nopcommerce.others.Others_05_SortAndPaging" name="TC_05_DisplayWith3ProductFor1Page" time="12.251"/>
  <testcase classname="com.nopcommerce.others.Others_05_SortAndPaging" name="TC_06_DisplayWith6ProductFor1Page" time="9.125"/>
  <testcase classname="com.nopcommerce.others.Others_05_SortAndPaging" name="TC_07_DisplayWith9ProductFor1Page" time="9.653"/>
  <testcase classname="com.nopcommerce.others.Others_05_SortAndPaging" name="TC_02_SortWithNameDescending" time="10.772"/>
  <testcase classname="com.nopcommerce.others.Others_05_SortAndPaging" name="TC_03_SortWithPriceLowToHigh" time="4.022"/>
  <testcase classname="com.nopcommerce.others.Others_05_SortAndPaging" name="TC_01_SortWithNameAscending" time="3.429"/>
</testsuite> <!-- com.nopcommerce.others.Others_05_SortAndPaging -->
